Z:/home/localhost/www/Loader/Route.php
Z:/home/localhost/www/Config/Config.php
Z:/home/localhost/www/Controller/HomeController.php
Z:/home/localhost/www/Controller/Controller.php
Z:/home/localhost/www/Model/Customer.php
Z:/home/localhost/www/Model/Model.php
Z:/home/localhost/www/Database/Connect.php
Z:/home/localhost/www/Database/MysqlConnect.php
Z:/home/localhost/www/Database/Connectable.php
Z:/home/localhost/www/Loader/Route.php
Z:/home/localhost/www/Config/Config.php
Z:/home/localhost/www/Controller/HomeController.php
Z:/home/localhost/www/Controller/Controller.php
Z:/home/localhost/www/Model/Customer.php
Z:/home/localhost/www/Model/Model.php
Z:/home/localhost/www/Database/Connect.php
Z:/home/localhost/www/Database/MysqlConnect.php
Z:/home/localhost/www/Database/Connectable.php
Z:/home/localhost/www/Loader/Route.php
Z:/home/localhost/www/Config/Config.php
Z:/home/localhost/www/Controller/HomeController.php
Z:/home/localhost/www/Controller/Controller.php
Z:/home/localhost/www/Model/Customer.php
Z:/home/localhost/www/Model/Model.php
Z:/home/localhost/www/Database/Connect.php
Z:/home/localhost/www/Database/MysqlConnect.php
Z:/home/localhost/www/Database/Connectable.php
Z:/home/localhost/www/Loader/Route.php
Z:/home/localhost/www/Config/Config.php
Z:/home/localhost/www/Controller/HomeController.php
Z:/home/localhost/www/Controller/Controller.php
Z:/home/localhost/www/Model/Customer.php
Z:/home/localhost/www/Model/Model.php
Z:/home/localhost/www/Database/Connect.php
Z:/home/localhost/www/Database/MysqlConnect.php
Z:/home/localhost/www/Database/Connectable.php
Z:/home/localhost/www/Loader/Route.php
Z:/home/localhost/www/Config/Config.php
Z:/home/localhost/www/Controller/HomeController.php
Z:/home/localhost/www/Controller/Controller.php
Z:/home/localhost/www/Model/Customer.php
Z:/home/localhost/www/Model/Model.php
Z:/home/localhost/www/Database/Connect.php
Z:/home/localhost/www/Database/MysqlConnect.php
Z:/home/localhost/www/Database/Connectable.php
Z:/home/localhost/www/Loader/Route.php
Z:/home/localhost/www/Config/Config.php
Z:/home/localhost/www/Controller/HomeController.php
Z:/home/localhost/www/Controller/Controller.php
Z:/home/localhost/www/Model/Customer.php
Z:/home/localhost/www/Model/Model.php
Z:/home/localhost/www/Database/Connect.php
Z:/home/localhost/www/Database/MysqlConnect.php
Z:/home/localhost/www/Database/Connectable.php
Z:/home/localhost/www/Loader/Route.php
Z:/home/localhost/www/Config/Config.php
Z:/home/localhost/www/Controller/HomeController.php
Z:/home/localhost/www/Controller/Controller.php
Z:/home/localhost/www/Model/Customer.php
Z:/home/localhost/www/Model/Model.php
Z:/home/localhost/www/Database/Connect.php
Z:/home/localhost/www/Database/MysqlConnect.php
Z:/home/localhost/www/Database/Connectable.php
Z:/home/localhost/www/Loader/Route.php
Z:/home/localhost/www/Config/Config.php
Z:/home/localhost/www/Controller/HomeController.php
Z:/home/localhost/www/Controller/Controller.php
Z:/home/localhost/www/Model/Customer.php
Z:/home/localhost/www/Model/Model.php
Z:/home/localhost/www/Database/Connect.php
Z:/home/localhost/www/Database/MysqlConnect.php
Z:/home/localhost/www/Database/Connectable.php
Z:/home/localhost/www/Loader/Route.php
Z:/home/localhost/www/Config/Config.php
Z:/home/localhost/www/Controller/HomeController.php
Z:/home/localhost/www/Controller/Controller.php
Z:/home/localhost/www/Model/Customer.php
Z:/home/localhost/www/Model/Model.php
Z:/home/localhost/www/Database/Connect.php
Z:/home/localhost/www/Database/MysqlConnect.php
Z:/home/localhost/www/Database/Connectable.php
Z:/home/localhost/www/Loader/Route.php
Z:/home/localhost/www/Config/Config.php
Z:/home/localhost/www/Controller/HomeController.php
Z:/home/localhost/www/Controller/Controller.php
Z:/home/localhost/www/Model/Customer.php
Z:/home/localhost/www/Model/Model.php
Z:/home/localhost/www/Database/Connect.php
Z:/home/localhost/www/Database/MysqlConnect.php
Z:/home/localhost/www/Database/Connectable.php
Z:/home/localhost/www/Loader/Route.php
Z:/home/localhost/www/Config/Config.php
Z:/home/localhost/www/Controller/HomeController.php
Z:/home/localhost/www/Controller/Controller.php
Z:/home/localhost/www/Model/Customer.php
Z:/home/localhost/www/Model/Model.php
Z:/home/localhost/www/Database/Connect.php
Z:/home/localhost/www/Database/MysqlConnect.php
Z:/home/localhost/www/Database/Connectable.php
Z:/home/localhost/www/Loader/Route.php
Z:/home/localhost/www/Config/Config.php
Z:/home/localhost/www/Controller/HomeController.php
Z:/home/localhost/www/Controller/Controller.php
Z:/home/localhost/www/Model/Customer.php
Z:/home/localhost/www/Model/Model.php
Z:/home/localhost/www/Database/Connect.php
Z:/home/localhost/www/Database/MysqlConnect.php
Z:/home/localhost/www/Database/Connectable.php
Z:/home/localhost/www/Loader/Route.php
Z:/home/localhost/www/Config/Config.php
Z:/home/localhost/www/Controller/HomeController.php
Z:/home/localhost/www/Controller/Controller.php
Z:/home/localhost/www/Model/Customer.php
Z:/home/localhost/www/Model/Model.php
Z:/home/localhost/www/Database/Connect.php
Z:/home/localhost/www/Database/MysqlConnect.php
Z:/home/localhost/www/Database/Connectable.php
Z:/home/localhost/www/Loader/Route.php
Z:/home/localhost/www/Config/Config.php
Z:/home/localhost/www/Controller/HomeController.php
Z:/home/localhost/www/Controller/Controller.php
Z:/home/localhost/www/Model/Customer.php
Z:/home/localhost/www/Model/Model.php
Z:/home/localhost/www/Database/Connect.php
Z:/home/localhost/www/Database/MysqlConnect.php
Z:/home/localhost/www/Database/Connectable.php
Z:/home/localhost/www/Loader/Route.php
Z:/home/localhost/www/Config/Config.php
Z:/home/localhost/www/Controller/HomeController.php
Z:/home/localhost/www/Controller/Controller.php
Z:/home/localhost/www/Model/Customer.php
Z:/home/localhost/www/Model/Model.php
Z:/home/localhost/www/Database/Connect.php
Z:/home/localhost/www/Database/MysqlConnect.php
Z:/home/localhost/www/Database/Connectable.php
Z:/home/localhost/www/Loader/Route.php
Z:/home/localhost/www/Config/Config.php
Z:/home/localhost/www/Controller/HomeController.php
Z:/home/localhost/www/Controller/Controller.php
Z:/home/localhost/www/Model/Customer.php
Z:/home/localhost/www/Model/Model.php
Z:/home/localhost/www/Database/Connect.php
Z:/home/localhost/www/Database/MysqlConnect.php
Z:/home/localhost/www/Database/Connectable.php
Z:/home/localhost/www/Loader/Route.php
Z:/home/localhost/www/Config/Config.php
Z:/home/localhost/www/Controller/HomeController.php
Z:/home/localhost/www/Controller/Controller.php
Z:/home/localhost/www/Model/Customer.php
Z:/home/localhost/www/Model/Model.php
Z:/home/localhost/www/Database/Connect.php
Z:/home/localhost/www/Database/MysqlConnect.php
Z:/home/localhost/www/Database/Connectable.php
Z:/home/localhost/www/Loader/Route.php
Z:/home/localhost/www/Config/Config.php
Z:/home/localhost/www/Controller/HomeController.php
Z:/home/localhost/www/Controller/Controller.php
Z:/home/localhost/www/Model/Customer.php
Z:/home/localhost/www/Model/Model.php
Z:/home/localhost/www/Database/Connect.php
Z:/home/localhost/www/Database/MysqlConnect.php
Z:/home/localhost/www/Database/Connectable.php
Z:/home/localhost/www/Loader/Route.php
Z:/home/localhost/www/Config/Config.php
Z:/home/localhost/www/Controller/HomeController.php
Z:/home/localhost/www/Controller/Controller.php
Z:/home/localhost/www/Model/Customer.php
Z:/home/localhost/www/Model/Model.php
Z:/home/localhost/www/Database/Connect.php
Z:/home/localhost/www/Database/MysqlConnect.php
Z:/home/localhost/www/Database/Connectable.php
Z:/home/localhost/www/Loader/Route.php
Z:/home/localhost/www/Config/Config.php
Z:/home/localhost/www/Controller/HomeController.php
Z:/home/localhost/www/Controller/Controller.php
Z:/home/localhost/www/Model/Customer.php
Z:/home/localhost/www/Model/Model.php
Z:/home/localhost/www/Database/Connect.php
Z:/home/localhost/www/Database/MysqlConnect.php
Z:/home/localhost/www/Database/Connectable.php
Z:/home/localhost/www/Loader/Route.php
Z:/home/localhost/www/Config/Config.php
Z:/home/localhost/www/Controller/HomeController.php
Z:/home/localhost/www/Controller/Controller.php
Z:/home/localhost/www/Model/Customer.php
Z:/home/localhost/www/Model/Model.php
Z:/home/localhost/www/Database/Connect.php
Z:/home/localhost/www/Database/MysqlConnect.php
Z:/home/localhost/www/Database/Connectable.php
Z:/home/localhost/www/Loader/Route.php
Z:/home/localhost/www/Config/Config.php
Z:/home/localhost/www/Controller/HomeController.php
Z:/home/localhost/www/Controller/Controller.php
Z:/home/localhost/www/Model/Customer.php
Z:/home/localhost/www/Model/Model.php
Z:/home/localhost/www/Database/Connect.php
Z:/home/localhost/www/Database/MysqlConnect.php
Z:/home/localhost/www/Database/Connectable.php
Z:/home/localhost/www/Loader/Route.php
Z:/home/localhost/www/Config/Config.php
Z:/home/localhost/www/Controller/HomeController.php
Z:/home/localhost/www/Controller/Controller.php
Z:/home/localhost/www/Model/Customer.php
Z:/home/localhost/www/Model/Model.php
Z:/home/localhost/www/Database/Connect.php
Z:/home/localhost/www/Database/MysqlConnect.php
Z:/home/localhost/www/Database/Connectable.php
Z:/home/localhost/www/Loader/Route.php
Z:/home/localhost/www/Config/Config.php
Z:/home/localhost/www/Controller/HomeController.php
Z:/home/localhost/www/Controller/Controller.php
Z:/home/localhost/www/Model/Customer.php
Z:/home/localhost/www/Model/Model.php
Z:/home/localhost/www/Database/Connect.php
Z:/home/localhost/www/Database/MysqlConnect.php
Z:/home/localhost/www/Database/Connectable.php
Z:/home/localhost/www/Loader/Route.php
Z:/home/localhost/www/Config/Config.php
Z:/home/localhost/www/Controller/HomeController.php
Z:/home/localhost/www/Controller/Controller.php
Z:/home/localhost/www/Model/Customer.php
Z:/home/localhost/www/Model/Model.php
Z:/home/localhost/www/Database/Connect.php
Z:/home/localhost/www/Database/MysqlConnect.php
Z:/home/localhost/www/Database/Connectable.php
Z:/home/localhost/www/Loader/Route.php
Z:/home/localhost/www/Config/Config.php
Z:/home/localhost/www/Controller/HomeController.php
Z:/home/localhost/www/Controller/Controller.php
Z:/home/localhost/www/Model/Customer.php
Z:/home/localhost/www/Model/Model.php
Z:/home/localhost/www/Database/Connect.php
Z:/home/localhost/www/Database/MysqlConnect.php
Z:/home/localhost/www/Database/Connectable.php
Z:/home/localhost/www/Loader/Route.php
Z:/home/localhost/www/Config/Config.php
Z:/home/localhost/www/Controller/HomeController.php
Z:/home/localhost/www/Controller/Controller.php
Z:/home/localhost/www/Model/Customer.php
Z:/home/localhost/www/Model/Model.php
Z:/home/localhost/www/Database/Connect.php
Z:/home/localhost/www/Database/MysqlConnect.php
Z:/home/localhost/www/Database/Connectable.php
Z:/home/localhost/www/Loader/Route.php
Z:/home/localhost/www/Config/Config.php
Z:/home/localhost/www/Controller/HomeController.php
Z:/home/localhost/www/Controller/Controller.php
Z:/home/localhost/www/Model/Customer.php
Z:/home/localhost/www/Model/Model.php
Z:/home/localhost/www/Database/Connect.php
Z:/home/localhost/www/Database/MysqlConnect.php
Z:/home/localhost/www/Database/Connectable.php
Z:/home/localhost/www/Loader/Route.php
Z:/home/localhost/www/Config/Config.php
Z:/home/localhost/www/Controller/HomeController.php
Z:/home/localhost/www/Controller/Controller.php
Z:/home/localhost/www/Model/Customer.php
Z:/home/localhost/www/Model/Model.php
Z:/home/localhost/www/Database/Connect.php
Z:/home/localhost/www/Database/MysqlConnect.php
Z:/home/localhost/www/Database/Connectable.php
